2019-03-13 21:45:16.005  INFO 19899 --- [restartedMain] c.s.useraccount.UserAccountApplication   : No active profile set, falling back to default profiles: default
2019-03-13 21:45:16.878  INFO 19899 --- [restartedMain] .s.d.r.c.RepositoryConfigurationDelegate : Bootstrapping Spring Data repositories in DEFAULT mode.
2019-03-13 21:45:16.967  INFO 19899 --- [restartedMain] .s.d.r.c.RepositoryConfigurationDelegate : Finished Spring Data repository scanning in 82ms. Found 4 repository interfaces.
2019-03-13 21:45:17.315  INFO 19899 --- [restartedMain] o.s.cloud.context.scope.GenericScope     : BeanFactory id=6ab3f68c-182c-33dd-bbe0-117e692c0332
2019-03-13 21:45:17.432  INFO 19899 --- [restartedMain] trationDelegate$BeanPostProcessorChecker : Bean 'org.springframework.transaction.annotation.ProxyTransactionManagementConfiguration' of type [org.springframework.transaction.annotation.ProxyTransactionManagementConfiguration$$EnhancerBySpringCGLIB$$1f2437a9] is not eligible for getting processed by all BeanPostProcessors (for example: not eligible for auto-proxying)
2019-03-13 21:45:17.450  INFO 19899 --- [restartedMain] trationDelegate$BeanPostProcessorChecker : Bean 'org.springframework.hateoas.config.HateoasConfiguration' of type [org.springframework.hateoas.config.HateoasConfiguration$$EnhancerBySpringCGLIB$$9ea484db] is not eligible for getting processed by all BeanPostProcessors (for example: not eligible for auto-proxying)
2019-03-13 21:45:17.462  INFO 19899 --- [restartedMain] trationDelegate$BeanPostProcessorChecker : Bean 'org.springframework.cloud.autoconfigure.ConfigurationPropertiesRebinderAutoConfiguration' of type [org.springframework.cloud.autoconfigure.ConfigurationPropertiesRebinderAutoConfiguration$$EnhancerBySpringCGLIB$$3b3e3aa6] is not eligible for getting processed by all BeanPostProcessors (for example: not eligible for auto-proxying)
2019-03-13 21:45:18.080  INFO 19899 --- [restartedMain] o.s.b.w.embedded.tomcat.TomcatWebServer  : Tomcat initialized with port(s): 8080 (http)
2019-03-13 21:45:18.107  INFO 19899 --- [restartedMain] o.apache.catalina.core.StandardService   : Starting service [Tomcat]
2019-03-13 21:45:18.107  INFO 19899 --- [restartedMain] org.apache.catalina.core.StandardEngine  : Starting Servlet engine: [Apache Tomcat/9.0.16]
2019-03-13 21:45:18.118  INFO 19899 --- [restartedMain] o.a.catalina.core.AprLifecycleListener   : The APR based Apache Tomcat Native library which allows optimal performance in production environments was not found on the java.library.path: [/Users/vikas/Library/Java/Extensions:/Library/Java/Extensions:/Network/Library/Java/Extensions:/System/Library/Java/Extensions:/usr/lib/java:.]
2019-03-13 21:45:18.210  INFO 19899 --- [restartedMain] o.a.c.c.C.[Tomcat].[localhost].[/]       : Initializing Spring embedded WebApplicationContext
2019-03-13 21:45:18.210  INFO 19899 --- [restartedMain] o.s.web.context.ContextLoader            : Root WebApplicationContext: initialization completed in 2192 ms
2019-03-13 21:45:19.239  INFO 19899 --- [restartedMain] com.zaxxer.hikari.HikariDataSource       : HikariPool-1 - Starting...
2019-03-13 21:45:19.554  INFO 19899 --- [restartedMain] com.zaxxer.hikari.HikariDataSource       : HikariPool-1 - Start completed.
2019-03-13 21:45:19.619  INFO 19899 --- [restartedMain] o.hibernate.jpa.internal.util.LogHelper  : HHH000204: Processing PersistenceUnitInfo [
	name: default
	...]
2019-03-13 21:45:19.688  INFO 19899 --- [restartedMain] org.hibernate.Version                    : HHH000412: Hibernate Core {5.3.7.Final}
2019-03-13 21:45:19.690  INFO 19899 --- [restartedMain] org.hibernate.cfg.Environment            : HHH000206: hibernate.properties not found
2019-03-13 21:45:19.851  INFO 19899 --- [restartedMain] o.hibernate.annotations.common.Version   : HCANN000001: Hibernate Commons Annotations {5.0.4.Final}
2019-03-13 21:45:19.997  INFO 19899 --- [restartedMain] org.hibernate.dialect.Dialect            : HHH000400: Using dialect: org.hibernate.dialect.MySQL5InnoDBDialect
2019-03-13 21:45:21.078  INFO 19899 --- [restartedMain] o.h.t.schema.internal.SchemaCreatorImpl  : HHH000476: Executing import script 'org.hibernate.tool.schema.internal.exec.ScriptSourceInputNonExistentImpl@2761269a'
2019-03-13 21:45:21.080  INFO 19899 --- [restartedMain] j.LocalContainerEntityManagerFactoryBean : Initialized JPA EntityManagerFactory for persistence unit 'default'
2019-03-13 21:45:21.108  INFO 19899 --- [restartedMain] o.s.b.d.a.OptionalLiveReloadServer       : LiveReload server is running on port 35729
2019-03-13 21:45:22.010  INFO 19899 --- [restartedMain] o.s.s.concurrent.ThreadPoolTaskExecutor  : Initializing ExecutorService 'applicationTaskExecutor'
2019-03-13 21:45:22.066  WARN 19899 --- [restartedMain] aWebConfiguration$JpaWebMvcConfiguration : spring.jpa.open-in-view is enabled by default. Therefore, database queries may be performed during view rendering. Explicitly configure spring.jpa.open-in-view to disable this warning
2019-03-13 21:45:22.774  INFO 19899 --- [restartedMain] o.s.b.a.e.web.EndpointLinksResolver      : Exposing 2 endpoint(s) beneath base path '/actuator'
2019-03-13 21:45:22.928  INFO 19899 --- [restartedMain] o.s.b.w.embedded.tomcat.TomcatWebServer  : Tomcat started on port(s): 8080 (http) with context path ''
2019-03-13 21:45:22.933  INFO 19899 --- [restartedMain] c.s.useraccount.UserAccountApplication   : Started UserAccountApplication in 17.816 seconds (JVM running for 18.425)
2019-03-13 21:45:28.745  INFO 19899 --- [http-nio-8080-exec-1] o.a.c.c.C.[Tomcat].[localhost].[/]       : Initializing Spring DispatcherServlet 'dispatcherServlet'
2019-03-13 21:45:28.746  INFO 19899 --- [http-nio-8080-exec-1] o.s.web.servlet.DispatcherServlet        : Initializing Servlet 'dispatcherServlet'
2019-03-13 21:45:28.766  INFO 19899 --- [http-nio-8080-exec-1] o.s.web.servlet.DispatcherServlet        : Completed initialization in 20 ms
2019-03-13 21:45:28.787  INFO 19899 --- [http-nio-8080-exec-1] c.s.u.i.UserServiceInterceptor           : Start time is 1552538728787
2019-03-13 21:45:29.014  INFO 19899 --- [http-nio-8080-exec-1] c.s.u.i.UserServiceInterceptor           : Finish time is 1552538729014
2019-03-13 21:45:29.015  INFO 19899 --- [http-nio-8080-exec-1] c.s.u.i.UserServiceInterceptor           : Time take for the request is 228 milliseconds
2019-03-13 21:48:38.982  INFO 19899 --- [Thread-14] o.s.s.concurrent.ThreadPoolTaskExecutor  : Shutting down ExecutorService 'applicationTaskExecutor'
2019-03-13 21:48:38.985  INFO 19899 --- [Thread-14] j.LocalContainerEntityManagerFactoryBean : Closing JPA EntityManagerFactory for persistence unit 'default'
2019-03-13 21:48:38.991  INFO 19899 --- [Thread-14] com.zaxxer.hikari.HikariDataSource       : HikariPool-1 - Shutdown initiated...
2019-03-13 21:48:39.001  INFO 19899 --- [Thread-14] com.zaxxer.hikari.HikariDataSource       : HikariPool-1 - Shutdown completed.
