2019-03-16 08:15:01,731 WARN com.zaxxer.hikari.pool.HikariPool$HouseKeeper [HikariPool-1 housekeeper] HikariPool-1 - Thread starvation or clock leap detected (housekeeper delta=8h48m22s166ms).
2019-03-16 19:12:29,552 WARN com.zaxxer.hikari.pool.HikariPool$HouseKeeper [HikariPool-1 housekeeper] HikariPool-1 - Thread starvation or clock leap detected (housekeeper delta=10h57m27s984ms).
2019-03-16 20:55:30,423 WARN com.zaxxer.hikari.pool.HikariPool$HouseKeeper [HikariPool-1 housekeeper] HikariPool-1 - Thread starvation or clock leap detected (housekeeper delta=1h43m871ms).
2019-03-16 22:36:02,000 INFO org.springframework.scheduling.concurrent.ExecutorConfigurationSupport [Thread-14] Shutting down ExecutorService 'applicationTaskExecutor'
2019-03-16 22:36:02,004 INFO org.springframework.orm.jpa.AbstractEntityManagerFactoryBean [Thread-14] Closing JPA EntityManagerFactory for persistence unit 'default'
2019-03-16 22:36:02,012 INFO com.zaxxer.hikari.HikariDataSource [Thread-14] HikariPool-1 - Shutdown initiated...
2019-03-16 22:36:02,018 INFO com.zaxxer.hikari.HikariDataSource [Thread-14] HikariPool-1 - Shutdown completed.
2019-03-16 22:39:09,140 INFO org.springframework.boot.logging.DeferredLog [restartedMain] Devtools property defaults active! Set 'spring.devtools.add-properties' to 'false' to disable
2019-03-16 22:39:09,404 INFO org.springframework.context.support.PostProcessorRegistrationDelegate$BeanPostProcessorChecker [restartedMain] Bean 'org.springframework.cloud.autoconfigure.ConfigurationPropertiesRebinderAutoConfiguration' of type [org.springframework.cloud.autoconfigure.ConfigurationPropertiesRebinderAutoConfiguration$$EnhancerBySpringCGLIB$$9b2134cd] is not eligible for getting processed by all BeanPostProcessors (for example: not eligible for auto-proxying)
2019-03-16 22:39:19,537 INFO org.springframework.boot.SpringApplication [restartedMain] No active profile set, falling back to default profiles: default
2019-03-16 22:39:20,453 INFO org.springframework.data.repository.config.RepositoryConfigurationDelegate [restartedMain] Bootstrapping Spring Data repositories in DEFAULT mode.
2019-03-16 22:39:20,541 INFO org.springframework.data.repository.config.RepositoryConfigurationDelegate [restartedMain] Finished Spring Data repository scanning in 78ms. Found 4 repository interfaces.
2019-03-16 22:39:20,906 INFO org.springframework.cloud.context.scope.GenericScope [restartedMain] BeanFactory id=6ab3f68c-182c-33dd-bbe0-117e692c0332
2019-03-16 22:39:21,015 INFO org.springframework.context.support.PostProcessorRegistrationDelegate$BeanPostProcessorChecker [restartedMain] Bean 'org.springframework.transaction.annotation.ProxyTransactionManagementConfiguration' of type [org.springframework.transaction.annotation.ProxyTransactionManagementConfiguration$$EnhancerBySpringCGLIB$$7f0731d0] is not eligible for getting processed by all BeanPostProcessors (for example: not eligible for auto-proxying)
2019-03-16 22:39:21,034 INFO org.springframework.context.support.PostProcessorRegistrationDelegate$BeanPostProcessorChecker [restartedMain] Bean 'org.springframework.hateoas.config.HateoasConfiguration' of type [org.springframework.hateoas.config.HateoasConfiguration$$EnhancerBySpringCGLIB$$fe877f02] is not eligible for getting processed by all BeanPostProcessors (for example: not eligible for auto-proxying)
2019-03-16 22:39:21,044 INFO org.springframework.context.support.PostProcessorRegistrationDelegate$BeanPostProcessorChecker [restartedMain] Bean 'org.springframework.cloud.autoconfigure.ConfigurationPropertiesRebinderAutoConfiguration' of type [org.springframework.cloud.autoconfigure.ConfigurationPropertiesRebinderAutoConfiguration$$EnhancerBySpringCGLIB$$9b2134cd] is not eligible for getting processed by all BeanPostProcessors (for example: not eligible for auto-proxying)
2019-03-16 22:39:21,735 INFO org.springframework.boot.web.embedded.tomcat.TomcatWebServer [restartedMain] Tomcat initialized with port(s): 8080 (http)
2019-03-16 22:39:21,754 INFO org.apache.juli.logging.DirectJDKLog [restartedMain] Initializing ProtocolHandler ["http-nio-8080"]
2019-03-16 22:39:21,764 INFO org.apache.juli.logging.DirectJDKLog [restartedMain] Starting service [Tomcat]
2019-03-16 22:39:21,764 INFO org.apache.juli.logging.DirectJDKLog [restartedMain] Starting Servlet engine: [Apache Tomcat/9.0.16]
2019-03-16 22:39:21,777 INFO org.apache.juli.logging.DirectJDKLog [restartedMain] The APR based Apache Tomcat Native library which allows optimal performance in production environments was not found on the java.library.path: [/Users/vikas/Library/Java/Extensions:/Library/Java/Extensions:/Network/Library/Java/Extensions:/System/Library/Java/Extensions:/usr/lib/java:.]
2019-03-16 22:39:21,883 INFO org.apache.juli.logging.DirectJDKLog [restartedMain] Initializing Spring embedded WebApplicationContext
2019-03-16 22:39:21,884 INFO org.springframework.boot.web.servlet.context.ServletWebServerApplicationContext [restartedMain] Root WebApplicationContext: initialization completed in 2334 ms
2019-03-16 22:39:22,958 INFO com.zaxxer.hikari.HikariDataSource [restartedMain] HikariPool-1 - Starting...
2019-03-16 22:39:23,314 INFO com.zaxxer.hikari.HikariDataSource [restartedMain] HikariPool-1 - Start completed.
2019-03-16 22:39:23,381 INFO org.hibernate.jpa.internal.util.LogHelper [restartedMain] HHH000204: Processing PersistenceUnitInfo [
	name: default
	...]
2019-03-16 22:39:23,480 INFO org.hibernate.Version [restartedMain] HHH000412: Hibernate Core {5.3.7.Final}
2019-03-16 22:39:23,482 INFO org.hibernate.cfg.Environment [restartedMain] HHH000206: hibernate.properties not found
2019-03-16 22:39:23,692 INFO org.hibernate.annotations.common.reflection.java.JavaReflectionManager [restartedMain] HCANN000001: Hibernate Commons Annotations {5.0.4.Final}
2019-03-16 22:39:23,872 INFO org.hibernate.dialect.Dialect [restartedMain] HHH000400: Using dialect: org.hibernate.dialect.MySQL5InnoDBDialect
2019-03-16 22:39:25,301 INFO org.hibernate.tool.schema.internal.SchemaCreatorImpl [restartedMain] HHH000476: Executing import script 'org.hibernate.tool.schema.internal.exec.ScriptSourceInputNonExistentImpl@27771197'
2019-03-16 22:39:25,305 INFO org.springframework.orm.jpa.AbstractEntityManagerFactoryBean [restartedMain] Initialized JPA EntityManagerFactory for persistence unit 'default'
2019-03-16 22:39:25,335 INFO org.springframework.boot.devtools.autoconfigure.OptionalLiveReloadServer [restartedMain] LiveReload server is running on port 35729
2019-03-16 22:39:26,312 INFO org.springframework.scheduling.concurrent.ExecutorConfigurationSupport [restartedMain] Initializing ExecutorService 'applicationTaskExecutor'
2019-03-16 22:39:26,370 WARN org.springframework.boot.autoconfigure.orm.jpa.JpaBaseConfiguration$JpaWebConfiguration$JpaWebMvcConfiguration [restartedMain] spring.jpa.open-in-view is enabled by default. Therefore, database queries may be performed during view rendering. Explicitly configure spring.jpa.open-in-view to disable this warning
2019-03-16 22:39:27,104 INFO org.springframework.boot.actuate.endpoint.web.EndpointLinksResolver [restartedMain] Exposing 2 endpoint(s) beneath base path '/actuator'
2019-03-16 22:39:27,229 INFO org.apache.juli.logging.DirectJDKLog [restartedMain] Starting ProtocolHandler ["http-nio-8080"]
2019-03-16 22:39:27,267 INFO org.springframework.boot.web.embedded.tomcat.TomcatWebServer [restartedMain] Tomcat started on port(s): 8080 (http) with context path ''
2019-03-16 22:39:27,270 INFO org.springframework.boot.StartupInfoLogger [restartedMain] Started UserAccountApplication in 28.65 seconds (JVM running for 29.236)
2019-03-16 22:43:45,384 INFO org.springframework.boot.logging.DeferredLog [restartedMain] Devtools property defaults active! Set 'spring.devtools.add-properties' to 'false' to disable
2019-03-16 22:43:45,600 INFO org.springframework.context.support.PostProcessorRegistrationDelegate$BeanPostProcessorChecker [restartedMain] Bean 'org.springframework.cloud.autoconfigure.ConfigurationPropertiesRebinderAutoConfiguration' of type [org.springframework.cloud.autoconfigure.ConfigurationPropertiesRebinderAutoConfiguration$$EnhancerBySpringCGLIB$$b4b75711] is not eligible for getting processed by all BeanPostProcessors (for example: not eligible for auto-proxying)
2019-03-16 22:48:17,479 INFO org.springframework.boot.logging.DeferredLog [restartedMain] Devtools property defaults active! Set 'spring.devtools.add-properties' to 'false' to disable
2019-03-16 22:48:17,709 INFO org.springframework.context.support.PostProcessorRegistrationDelegate$BeanPostProcessorChecker [restartedMain] Bean 'org.springframework.cloud.autoconfigure.ConfigurationPropertiesRebinderAutoConfiguration' of type [org.springframework.cloud.autoconfigure.ConfigurationPropertiesRebinderAutoConfiguration$$EnhancerBySpringCGLIB$$701465e6] is not eligible for getting processed by all BeanPostProcessors (for example: not eligible for auto-proxying)
2019-03-16 22:48:27,823 INFO org.springframework.boot.SpringApplication [restartedMain] No active profile set, falling back to default profiles: default
2019-03-16 22:48:28,648 INFO org.springframework.data.repository.config.RepositoryConfigurationDelegate [restartedMain] Bootstrapping Spring Data repositories in DEFAULT mode.
2019-03-16 22:48:28,714 INFO org.springframework.data.repository.config.RepositoryConfigurationDelegate [restartedMain] Finished Spring Data repository scanning in 58ms. Found 4 repository interfaces.
2019-03-16 22:48:29,081 INFO org.springframework.cloud.context.scope.GenericScope [restartedMain] BeanFactory id=6ab3f68c-182c-33dd-bbe0-117e692c0332
2019-03-16 22:48:29,200 INFO org.springframework.context.support.PostProcessorRegistrationDelegate$BeanPostProcessorChecker [restartedMain] Bean 'org.springframework.transaction.annotation.ProxyTransactionManagementConfiguration' of type [org.springframework.transaction.annotation.ProxyTransactionManagementConfiguration$$EnhancerBySpringCGLIB$$53fa62e9] is not eligible for getting processed by all BeanPostProcessors (for example: not eligible for auto-proxying)
2019-03-16 22:48:29,219 INFO org.springframework.context.support.PostProcessorRegistrationDelegate$BeanPostProcessorChecker [restartedMain] Bean 'org.springframework.hateoas.config.HateoasConfiguration' of type [org.springframework.hateoas.config.HateoasConfiguration$$EnhancerBySpringCGLIB$$d37ab01b] is not eligible for getting processed by all BeanPostProcessors (for example: not eligible for auto-proxying)
2019-03-16 22:48:29,231 INFO org.springframework.context.support.PostProcessorRegistrationDelegate$BeanPostProcessorChecker [restartedMain] Bean 'org.springframework.cloud.autoconfigure.ConfigurationPropertiesRebinderAutoConfiguration' of type [org.springframework.cloud.autoconfigure.ConfigurationPropertiesRebinderAutoConfiguration$$EnhancerBySpringCGLIB$$701465e6] is not eligible for getting processed by all BeanPostProcessors (for example: not eligible for auto-proxying)
2019-03-16 22:48:29,974 INFO org.springframework.boot.web.embedded.tomcat.TomcatWebServer [restartedMain] Tomcat initialized with port(s): 8080 (http)
2019-03-16 22:48:29,990 INFO org.apache.juli.logging.DirectJDKLog [restartedMain] Initializing ProtocolHandler ["http-nio-8080"]
2019-03-16 22:48:30,003 INFO org.apache.juli.logging.DirectJDKLog [restartedMain] Starting service [Tomcat]
2019-03-16 22:48:30,004 INFO org.apache.juli.logging.DirectJDKLog [restartedMain] Starting Servlet engine: [Apache Tomcat/9.0.16]
2019-03-16 22:48:30,016 INFO org.apache.juli.logging.DirectJDKLog [restartedMain] The APR based Apache Tomcat Native library which allows optimal performance in production environments was not found on the java.library.path: [/Users/vikas/Library/Java/Extensions:/Library/Java/Extensions:/Network/Library/Java/Extensions:/System/Library/Java/Extensions:/usr/lib/java:.]
2019-03-16 22:48:30,117 INFO org.apache.juli.logging.DirectJDKLog [restartedMain] Initializing Spring embedded WebApplicationContext
2019-03-16 22:48:30,117 INFO org.springframework.boot.web.servlet.context.ServletWebServerApplicationContext [restartedMain] Root WebApplicationContext: initialization completed in 2282 ms
2019-03-16 22:48:31,085 INFO com.zaxxer.hikari.HikariDataSource [restartedMain] HikariPool-1 - Starting...
2019-03-16 22:48:31,400 INFO com.zaxxer.hikari.HikariDataSource [restartedMain] HikariPool-1 - Start completed.
2019-03-16 22:48:31,461 INFO org.hibernate.jpa.internal.util.LogHelper [restartedMain] HHH000204: Processing PersistenceUnitInfo [
	name: default
	...]
2019-03-16 22:48:31,531 INFO org.hibernate.Version [restartedMain] HHH000412: Hibernate Core {5.3.7.Final}
2019-03-16 22:48:31,532 INFO org.hibernate.cfg.Environment [restartedMain] HHH000206: hibernate.properties not found
2019-03-16 22:48:31,698 INFO org.hibernate.annotations.common.reflection.java.JavaReflectionManager [restartedMain] HCANN000001: Hibernate Commons Annotations {5.0.4.Final}
2019-03-16 22:48:31,843 INFO org.hibernate.dialect.Dialect [restartedMain] HHH000400: Using dialect: org.hibernate.dialect.MySQL5InnoDBDialect
2019-03-16 22:48:32,993 INFO org.hibernate.tool.schema.internal.SchemaCreatorImpl [restartedMain] HHH000476: Executing import script 'org.hibernate.tool.schema.internal.exec.ScriptSourceInputNonExistentImpl@38cf8b13'
2019-03-16 22:48:32,996 INFO org.springframework.orm.jpa.AbstractEntityManagerFactoryBean [restartedMain] Initialized JPA EntityManagerFactory for persistence unit 'default'
2019-03-16 22:48:33,026 INFO org.springframework.boot.devtools.autoconfigure.OptionalLiveReloadServer [restartedMain] LiveReload server is running on port 35729
2019-03-16 22:48:33,992 INFO org.springframework.scheduling.concurrent.ExecutorConfigurationSupport [restartedMain] Initializing ExecutorService 'applicationTaskExecutor'
2019-03-16 22:48:34,241 WARN org.springframework.boot.autoconfigure.orm.jpa.JpaBaseConfiguration$JpaWebConfiguration$JpaWebMvcConfiguration [restartedMain] spring.jpa.open-in-view is enabled by default. Therefore, database queries may be performed during view rendering. Explicitly configure spring.jpa.open-in-view to disable this warning
2019-03-16 22:48:36,061 INFO org.springframework.boot.actuate.endpoint.web.EndpointLinksResolver [restartedMain] Exposing 2 endpoint(s) beneath base path '/actuator'
2019-03-16 22:48:36,683 INFO org.apache.juli.logging.DirectJDKLog [restartedMain] Starting ProtocolHandler ["http-nio-8080"]
2019-03-16 22:48:36,720 INFO org.springframework.boot.web.embedded.tomcat.TomcatWebServer [restartedMain] Tomcat started on port(s): 8080 (http) with context path ''
2019-03-16 22:48:36,726 INFO org.springframework.boot.StartupInfoLogger [restartedMain] Started UserAccountApplication in 29.736 seconds (JVM running for 30.309)
2019-03-16 22:50:27,478 INFO org.apache.juli.logging.DirectJDKLog [http-nio-8080-exec-1] Initializing Spring DispatcherServlet 'dispatcherServlet'
2019-03-16 22:50:27,479 INFO org.springframework.web.servlet.FrameworkServlet [http-nio-8080-exec-1] Initializing Servlet 'dispatcherServlet'
2019-03-16 22:50:27,501 INFO org.springframework.web.servlet.FrameworkServlet [http-nio-8080-exec-1] Completed initialization in 21 ms
2019-03-16 22:50:27,533 INFO com.sclabs.useraccount.interceptor.UserServiceInterceptor [http-nio-8080-exec-1] Start time is 1552801827533
2019-03-16 22:50:27,920 INFO com.sclabs.useraccount.interceptor.UserServiceInterceptor [http-nio-8080-exec-1] Finish time is 1552801827919
2019-03-16 22:50:27,920 INFO com.sclabs.useraccount.interceptor.UserServiceInterceptor [http-nio-8080-exec-1] Time take for the request is 387 milliseconds
2019-03-16 22:51:03,490 INFO com.sclabs.useraccount.interceptor.UserServiceInterceptor [http-nio-8080-exec-3] Start time is 1552801863490
2019-03-16 22:51:03,543 INFO com.sclabs.useraccount.interceptor.UserServiceInterceptor [http-nio-8080-exec-3] Finish time is 1552801863543
2019-03-16 22:51:03,544 INFO com.sclabs.useraccount.interceptor.UserServiceInterceptor [http-nio-8080-exec-3] Time take for the request is 54 milliseconds
2019-03-16 22:51:10,811 INFO com.sclabs.useraccount.interceptor.UserServiceInterceptor [http-nio-8080-exec-4] Start time is 1552801870811
2019-03-16 22:51:10,868 INFO com.sclabs.useraccount.interceptor.UserServiceInterceptor [http-nio-8080-exec-4] Finish time is 1552801870868
2019-03-16 22:51:10,868 INFO com.sclabs.useraccount.interceptor.UserServiceInterceptor [http-nio-8080-exec-4] Time take for the request is 57 milliseconds
2019-03-16 22:51:12,005 INFO com.sclabs.useraccount.interceptor.UserServiceInterceptor [http-nio-8080-exec-5] Start time is 1552801872005
2019-03-16 22:51:12,097 INFO com.sclabs.useraccount.interceptor.UserServiceInterceptor [http-nio-8080-exec-5] Finish time is 1552801872097
2019-03-16 22:51:12,097 INFO com.sclabs.useraccount.interceptor.UserServiceInterceptor [http-nio-8080-exec-5] Time take for the request is 92 milliseconds
2019-03-16 22:51:12,929 INFO com.sclabs.useraccount.interceptor.UserServiceInterceptor [http-nio-8080-exec-6] Start time is 1552801872929
2019-03-16 22:51:12,979 INFO com.sclabs.useraccount.interceptor.UserServiceInterceptor [http-nio-8080-exec-6] Finish time is 1552801872979
2019-03-16 22:51:12,980 INFO com.sclabs.useraccount.interceptor.UserServiceInterceptor [http-nio-8080-exec-6] Time take for the request is 51 milliseconds
2019-03-16 23:04:12,482 INFO com.sclabs.useraccount.interceptor.UserServiceInterceptor [http-nio-8080-exec-9] Start time is 1552802652482
2019-03-16 23:04:12,561 INFO com.sclabs.useraccount.interceptor.UserServiceInterceptor [http-nio-8080-exec-9] Finish time is 1552802652561
2019-03-16 23:04:12,562 INFO com.sclabs.useraccount.interceptor.UserServiceInterceptor [http-nio-8080-exec-9] Time take for the request is 80 milliseconds
2019-03-16 23:05:29,228 INFO com.sclabs.useraccount.interceptor.UserServiceInterceptor [http-nio-8080-exec-2] Start time is 1552802729228
2019-03-16 23:05:29,237 WARN org.springframework.web.servlet.handler.AbstractHandlerExceptionResolver [http-nio-8080-exec-2] Resolved [org.springframework.web.HttpMediaTypeNotSupportedException: Content type 'application/x-www-form-urlencoded;charset=UTF-8' not supported]
2019-03-16 23:06:31,798 INFO com.sclabs.useraccount.interceptor.UserServiceInterceptor [http-nio-8080-exec-3] Start time is 1552802791798
2019-03-16 23:06:31,801 WARN org.springframework.web.servlet.handler.AbstractHandlerExceptionResolver [http-nio-8080-exec-3] Resolved [org.springframework.web.HttpMediaTypeNotSupportedException: Content type 'application/x-www-form-urlencoded;charset=UTF-8' not supported]
2019-03-16 23:07:41,763 INFO com.sclabs.useraccount.interceptor.UserServiceInterceptor [http-nio-8080-exec-5] Start time is 1552802861763
2019-03-16 23:07:41,764 WARN org.springframework.web.servlet.handler.AbstractHandlerExceptionResolver [http-nio-8080-exec-5] Resolved [org.springframework.web.HttpMediaTypeNotSupportedException: Content type 'application/x-www-form-urlencoded;charset=UTF-8' not supported]
2019-03-16 23:17:10,949 INFO com.sclabs.useraccount.interceptor.UserServiceInterceptor [http-nio-8080-exec-7] Start time is 1552803430949
2019-03-16 23:17:10,951 WARN org.springframework.web.servlet.handler.AbstractHandlerExceptionResolver [http-nio-8080-exec-7] Resolved [org.springframework.web.HttpMediaTypeNotSupportedException: Content type 'text/plain;charset=UTF-8' not supported]
2019-03-16 23:21:12,626 INFO com.sclabs.useraccount.interceptor.UserServiceInterceptor [http-nio-8080-exec-9] Start time is 1552803672626
2019-03-16 23:21:12,631 WARN org.springframework.web.servlet.handler.AbstractHandlerExceptionResolver [http-nio-8080-exec-9] Resolved [org.springframework.web.HttpMediaTypeNotSupportedException: Content type 'text/plain;charset=UTF-8' not supported]
2019-03-16 23:22:04,808 INFO com.sclabs.useraccount.interceptor.UserServiceInterceptor [http-nio-8080-exec-2] Start time is 1552803724808
2019-03-16 23:22:04,811 WARN org.springframework.web.servlet.handler.AbstractHandlerExceptionResolver [http-nio-8080-exec-2] Resolved [org.springframework.web.HttpMediaTypeNotSupportedException: Content type 'text/plain;charset=UTF-8' not supported]
2019-03-16 23:24:38,430 INFO com.sclabs.useraccount.interceptor.UserServiceInterceptor [http-nio-8080-exec-3] Start time is 1552803878430
2019-03-16 23:24:38,433 WARN org.springframework.web.servlet.handler.AbstractHandlerExceptionResolver [http-nio-8080-exec-3] Resolved [org.springframework.web.HttpMediaTypeNotSupportedException: Content type 'text/plain;charset=UTF-8' not supported]
2019-03-16 23:26:14,826 INFO com.sclabs.useraccount.interceptor.UserServiceInterceptor [http-nio-8080-exec-5] Start time is 1552803974826
2019-03-16 23:26:14,829 WARN org.springframework.web.servlet.handler.AbstractHandlerExceptionResolver [http-nio-8080-exec-5] Resolved [org.springframework.web.HttpMediaTypeNotSupportedException: Content type 'text/plain;charset=UTF-8' not supported]
2019-03-16 23:34:44,199 INFO com.sclabs.useraccount.interceptor.UserServiceInterceptor [http-nio-8080-exec-7] Start time is 1552804484199
2019-03-16 23:34:44,204 WARN org.springframework.web.servlet.handler.AbstractHandlerExceptionResolver [http-nio-8080-exec-7] Resolved [org.springframework.http.converter.HttpMessageNotReadableException: JSON parse error: Unexpected character ('*' (code 42)): expected a valid value (number, String, array, object, 'true', 'false' or 'null'); nested exception is com.fasterxml.jackson.core.JsonParseException: Unexpected character ('*' (code 42)): expected a valid value (number, String, array, object, 'true', 'false' or 'null')
 at [Source: (PushbackInputStream); line: 1, column: 2]]
2019-03-16 23:35:56,612 INFO com.sclabs.useraccount.interceptor.UserServiceInterceptor [http-nio-8080-exec-8] Start time is 1552804556612
2019-03-16 23:35:56,683 INFO com.sclabs.useraccount.interceptor.UserServiceInterceptor [http-nio-8080-exec-8] Finish time is 1552804556683
2019-03-16 23:35:56,683 INFO com.sclabs.useraccount.interceptor.UserServiceInterceptor [http-nio-8080-exec-8] Time take for the request is 71 milliseconds
2019-03-16 23:38:03,606 INFO com.sclabs.useraccount.interceptor.UserServiceInterceptor [http-nio-8080-exec-10] Start time is 1552804683606
2019-03-16 23:38:03,609 INFO com.sclabs.useraccount.interceptor.UserServiceInterceptor [http-nio-8080-exec-2] Start time is 1552804683609
2019-03-16 23:38:03,620 INFO com.sclabs.useraccount.interceptor.UserServiceInterceptor [http-nio-8080-exec-1] Start time is 1552804683620
2019-03-16 23:38:03,625 INFO com.sclabs.useraccount.interceptor.UserServiceInterceptor [http-nio-8080-exec-3] Start time is 1552804683625
2019-03-16 23:38:03,631 INFO com.sclabs.useraccount.interceptor.UserServiceInterceptor [http-nio-8080-exec-4] Start time is 1552804683631
2019-03-16 23:38:03,633 INFO com.sclabs.useraccount.interceptor.UserServiceInterceptor [http-nio-8080-exec-5] Start time is 1552804683633
2019-03-16 23:38:03,647 INFO com.sclabs.useraccount.interceptor.UserServiceInterceptor [http-nio-8080-exec-6] Start time is 1552804683647
2019-03-16 23:38:03,647 INFO com.sclabs.useraccount.interceptor.UserServiceInterceptor [http-nio-8080-exec-7] Start time is 1552804683647
2019-03-16 23:38:03,648 INFO com.sclabs.useraccount.interceptor.UserServiceInterceptor [http-nio-8080-exec-8] Start time is 1552804683648
2019-03-16 23:38:03,655 INFO com.sclabs.useraccount.interceptor.UserServiceInterceptor [http-nio-8080-exec-9] Start time is 1552804683655
2019-03-16 23:38:03,659 INFO com.sclabs.useraccount.interceptor.UserServiceInterceptor [http-nio-8080-exec-11] Start time is 1552804683659
2019-03-16 23:38:03,664 INFO com.sclabs.useraccount.interceptor.UserServiceInterceptor [http-nio-8080-exec-12] Start time is 1552804683664
2019-03-16 23:38:03,668 INFO com.sclabs.useraccount.interceptor.UserServiceInterceptor [http-nio-8080-exec-13] Start time is 1552804683668
2019-03-16 23:38:03,673 INFO com.sclabs.useraccount.interceptor.UserServiceInterceptor [http-nio-8080-exec-14] Start time is 1552804683673
2019-03-16 23:38:03,680 INFO com.sclabs.useraccount.interceptor.UserServiceInterceptor [http-nio-8080-exec-15] Start time is 1552804683680
2019-03-16 23:38:03,682 INFO com.sclabs.useraccount.interceptor.UserServiceInterceptor [http-nio-8080-exec-16] Start time is 1552804683682
2019-03-16 23:38:03,690 INFO com.sclabs.useraccount.interceptor.UserServiceInterceptor [http-nio-8080-exec-17] Start time is 1552804683690
2019-03-16 23:38:03,694 INFO com.sclabs.useraccount.interceptor.UserServiceInterceptor [http-nio-8080-exec-18] Start time is 1552804683694
2019-03-16 23:38:03,699 INFO com.sclabs.useraccount.interceptor.UserServiceInterceptor [http-nio-8080-exec-19] Start time is 1552804683699
2019-03-16 23:38:03,699 INFO com.sclabs.useraccount.interceptor.UserServiceInterceptor [http-nio-8080-exec-20] Start time is 1552804683699
2019-03-16 23:38:03,704 INFO com.sclabs.useraccount.interceptor.UserServiceInterceptor [http-nio-8080-exec-21] Start time is 1552804683704
2019-03-16 23:38:03,708 INFO com.sclabs.useraccount.interceptor.UserServiceInterceptor [http-nio-8080-exec-22] Start time is 1552804683708
2019-03-16 23:38:03,715 INFO com.sclabs.useraccount.interceptor.UserServiceInterceptor [http-nio-8080-exec-23] Start time is 1552804683715
2019-03-16 23:38:03,718 INFO com.sclabs.useraccount.interceptor.UserServiceInterceptor [http-nio-8080-exec-24] Start time is 1552804683718
2019-03-16 23:38:03,722 INFO com.sclabs.useraccount.interceptor.UserServiceInterceptor [http-nio-8080-exec-25] Start time is 1552804683722
2019-03-16 23:38:03,724 INFO com.sclabs.useraccount.interceptor.UserServiceInterceptor [http-nio-8080-exec-10] Finish time is 1552804683724
2019-03-16 23:38:03,724 INFO com.sclabs.useraccount.interceptor.UserServiceInterceptor [http-nio-8080-exec-10] Time take for the request is 2 milliseconds
2019-03-16 23:38:03,728 INFO com.sclabs.useraccount.interceptor.UserServiceInterceptor [http-nio-8080-exec-2] Finish time is 1552804683728
2019-03-16 23:38:03,728 INFO com.sclabs.useraccount.interceptor.UserServiceInterceptor [http-nio-8080-exec-2] Time take for the request is 6 milliseconds
2019-03-16 23:38:03,729 INFO com.sclabs.useraccount.interceptor.UserServiceInterceptor [http-nio-8080-exec-10] Start time is 1552804683729
2019-03-16 23:38:03,733 INFO com.sclabs.useraccount.interceptor.UserServiceInterceptor [http-nio-8080-exec-2] Start time is 1552804683733
2019-03-16 23:38:03,735 INFO com.sclabs.useraccount.interceptor.UserServiceInterceptor [http-nio-8080-exec-27] Start time is 1552804683735
2019-03-16 23:38:03,735 INFO com.sclabs.useraccount.interceptor.UserServiceInterceptor [http-nio-8080-exec-26] Start time is 1552804683735
2019-03-16 23:38:03,738 INFO com.sclabs.useraccount.interceptor.UserServiceInterceptor [http-nio-8080-exec-5] Finish time is 1552804683738
2019-03-16 23:38:03,738 INFO com.sclabs.useraccount.interceptor.UserServiceInterceptor [http-nio-8080-exec-5] Time take for the request is 3 milliseconds
2019-03-16 23:38:03,739 INFO com.sclabs.useraccount.interceptor.UserServiceInterceptor [http-nio-8080-exec-1] Finish time is 1552804683739
2019-03-16 23:38:03,739 INFO com.sclabs.useraccount.interceptor.UserServiceInterceptor [http-nio-8080-exec-1] Time take for the request is 4 milliseconds
2019-03-16 23:38:03,743 INFO com.sclabs.useraccount.interceptor.UserServiceInterceptor [http-nio-8080-exec-5] Start time is 1552804683743
2019-03-16 23:38:03,743 INFO com.sclabs.useraccount.interceptor.UserServiceInterceptor [http-nio-8080-exec-29] Start time is 1552804683743
2019-03-16 23:38:03,743 INFO com.sclabs.useraccount.interceptor.UserServiceInterceptor [http-nio-8080-exec-1] Start time is 1552804683743
2019-03-16 23:38:03,745 INFO com.sclabs.useraccount.interceptor.UserServiceInterceptor [http-nio-8080-exec-28] Start time is 1552804683745
2019-03-16 23:38:03,752 INFO com.sclabs.useraccount.interceptor.UserServiceInterceptor [http-nio-8080-exec-30] Start time is 1552804683752
2019-03-16 23:38:03,754 INFO com.sclabs.useraccount.interceptor.UserServiceInterceptor [http-nio-8080-exec-31] Start time is 1552804683754
2019-03-16 23:38:03,761 INFO com.sclabs.useraccount.interceptor.UserServiceInterceptor [http-nio-8080-exec-32] Start time is 1552804683761
2019-03-16 23:38:03,765 INFO com.sclabs.useraccount.interceptor.UserServiceInterceptor [http-nio-8080-exec-33] Start time is 1552804683765
2019-03-16 23:38:03,770 INFO com.sclabs.useraccount.interceptor.UserServiceInterceptor [http-nio-8080-exec-34] Start time is 1552804683770
2019-03-16 23:38:03,777 INFO com.sclabs.useraccount.interceptor.UserServiceInterceptor [http-nio-8080-exec-35] Start time is 1552804683777
2019-03-16 23:38:03,778 INFO com.sclabs.useraccount.interceptor.UserServiceInterceptor [http-nio-8080-exec-36] Start time is 1552804683778
2019-03-16 23:38:03,782 INFO com.sclabs.useraccount.interceptor.UserServiceInterceptor [http-nio-8080-exec-37] Start time is 1552804683782
2019-03-16 23:38:03,788 INFO com.sclabs.useraccount.interceptor.UserServiceInterceptor [http-nio-8080-exec-38] Start time is 1552804683788
2019-03-16 23:38:03,795 INFO com.sclabs.useraccount.interceptor.UserServiceInterceptor [http-nio-8080-exec-39] Start time is 1552804683795
2019-03-16 23:38:03,797 INFO com.sclabs.useraccount.interceptor.UserServiceInterceptor [http-nio-8080-exec-7] Finish time is 1552804683797
2019-03-16 23:38:03,797 INFO com.sclabs.useraccount.interceptor.UserServiceInterceptor [http-nio-8080-exec-7] Time take for the request is 2 milliseconds
2019-03-16 23:38:03,798 INFO com.sclabs.useraccount.interceptor.UserServiceInterceptor [http-nio-8080-exec-40] Start time is 1552804683798
2019-03-16 23:38:03,800 INFO com.sclabs.useraccount.interceptor.UserServiceInterceptor [http-nio-8080-exec-7] Start time is 1552804683800
2019-03-16 23:38:03,803 INFO com.sclabs.useraccount.interceptor.UserServiceInterceptor [http-nio-8080-exec-41] Start time is 1552804683803
2019-03-16 23:38:03,803 INFO com.sclabs.useraccount.interceptor.UserServiceInterceptor [http-nio-8080-exec-6] Finish time is 1552804683803
2019-03-16 23:38:03,804 INFO com.sclabs.useraccount.interceptor.UserServiceInterceptor [http-nio-8080-exec-6] Time take for the request is 1 milliseconds
2019-03-16 23:38:03,806 INFO com.sclabs.useraccount.interceptor.UserServiceInterceptor [http-nio-8080-exec-42] Start time is 1552804683806
2019-03-16 23:38:03,807 INFO com.sclabs.useraccount.interceptor.UserServiceInterceptor [http-nio-8080-exec-4] Finish time is 1552804683807
2019-03-16 23:38:03,807 INFO com.sclabs.useraccount.interceptor.UserServiceInterceptor [http-nio-8080-exec-6] Start time is 1552804683807
2019-03-16 23:38:03,807 INFO com.sclabs.useraccount.interceptor.UserServiceInterceptor [http-nio-8080-exec-4] Time take for the request is 0 milliseconds
2019-03-16 23:38:03,810 INFO com.sclabs.useraccount.interceptor.UserServiceInterceptor [http-nio-8080-exec-4] Start time is 1552804683810
2019-03-16 23:38:03,812 INFO com.sclabs.useraccount.interceptor.UserServiceInterceptor [http-nio-8080-exec-43] Start time is 1552804683812
2019-03-16 23:38:03,812 INFO com.sclabs.useraccount.interceptor.UserServiceInterceptor [http-nio-8080-exec-3] Finish time is 1552804683812
2019-03-16 23:38:03,813 INFO com.sclabs.useraccount.interceptor.UserServiceInterceptor [http-nio-8080-exec-3] Time take for the request is 1 milliseconds
2019-03-16 23:38:03,816 INFO com.sclabs.useraccount.interceptor.UserServiceInterceptor [http-nio-8080-exec-3] Start time is 1552804683816
2019-03-16 23:38:03,818 INFO com.sclabs.useraccount.interceptor.UserServiceInterceptor [http-nio-8080-exec-44] Start time is 1552804683818
2019-03-16 23:38:03,823 INFO com.sclabs.useraccount.interceptor.UserServiceInterceptor [http-nio-8080-exec-45] Start time is 1552804683823
2019-03-16 23:38:03,827 INFO com.sclabs.useraccount.interceptor.UserServiceInterceptor [http-nio-8080-exec-46] Start time is 1552804683827
2019-03-16 23:38:03,832 INFO com.sclabs.useraccount.interceptor.UserServiceInterceptor [http-nio-8080-exec-47] Start time is 1552804683832
2019-03-16 23:38:03,837 INFO com.sclabs.useraccount.interceptor.UserServiceInterceptor [http-nio-8080-exec-48] Start time is 1552804683837
2019-03-16 23:38:03,842 INFO com.sclabs.useraccount.interceptor.UserServiceInterceptor [http-nio-8080-exec-49] Start time is 1552804683842
2019-03-16 23:38:03,849 INFO com.sclabs.useraccount.interceptor.UserServiceInterceptor [http-nio-8080-exec-50] Start time is 1552804683849
2019-03-16 23:38:03,854 INFO com.sclabs.useraccount.interceptor.UserServiceInterceptor [http-nio-8080-exec-51] Start time is 1552804683854
2019-03-16 23:38:03,859 INFO com.sclabs.useraccount.interceptor.UserServiceInterceptor [http-nio-8080-exec-52] Start time is 1552804683859
2019-03-16 23:38:03,862 INFO com.sclabs.useraccount.interceptor.UserServiceInterceptor [http-nio-8080-exec-53] Start time is 1552804683862
2019-03-16 23:38:03,870 INFO com.sclabs.useraccount.interceptor.UserServiceInterceptor [http-nio-8080-exec-54] Start time is 1552804683870
2019-03-16 23:38:03,872 INFO com.sclabs.useraccount.interceptor.UserServiceInterceptor [http-nio-8080-exec-55] Start time is 1552804683872
2019-03-16 23:38:04,210 INFO com.sclabs.useraccount.interceptor.UserServiceInterceptor [http-nio-8080-exec-57] Start time is 1552804684210
2019-03-16 23:38:04,211 INFO com.sclabs.useraccount.interceptor.UserServiceInterceptor [http-nio-8080-exec-60] Start time is 1552804684211
2019-03-16 23:38:04,211 INFO com.sclabs.useraccount.interceptor.UserServiceInterceptor [http-nio-8080-exec-61] Start time is 1552804684211
2019-03-16 23:38:04,210 INFO com.sclabs.useraccount.interceptor.UserServiceInterceptor [http-nio-8080-exec-56] Start time is 1552804684210
2019-03-16 23:38:04,212 INFO com.sclabs.useraccount.interceptor.UserServiceInterceptor [http-nio-8080-exec-62] Start time is 1552804684212
2019-03-16 23:38:04,212 INFO com.sclabs.useraccount.interceptor.UserServiceInterceptor [http-nio-8080-exec-63] Start time is 1552804684212
2019-03-16 23:38:04,214 INFO com.sclabs.useraccount.interceptor.UserServiceInterceptor [http-nio-8080-exec-66] Start time is 1552804684214
2019-03-16 23:38:04,214 INFO com.sclabs.useraccount.interceptor.UserServiceInterceptor [http-nio-8080-exec-67] Start time is 1552804684214
2019-03-16 23:38:04,214 INFO com.sclabs.useraccount.interceptor.UserServiceInterceptor [http-nio-8080-exec-68] Start time is 1552804684214
2019-03-16 23:38:04,210 INFO com.sclabs.useraccount.interceptor.UserServiceInterceptor [http-nio-8080-exec-58] Start time is 1552804684210
2019-03-16 23:38:04,215 INFO com.sclabs.useraccount.interceptor.UserServiceInterceptor [http-nio-8080-exec-65] Start time is 1552804684215
2019-03-16 23:38:04,210 INFO com.sclabs.useraccount.interceptor.UserServiceInterceptor [http-nio-8080-exec-59] Start time is 1552804684210
2019-03-16 23:38:04,216 INFO com.sclabs.useraccount.interceptor.UserServiceInterceptor [http-nio-8080-exec-71] Start time is 1552804684216
2019-03-16 23:38:04,216 INFO com.sclabs.useraccount.interceptor.UserServiceInterceptor [http-nio-8080-exec-70] Start time is 1552804684216
2019-03-16 23:38:04,216 INFO com.sclabs.useraccount.interceptor.UserServiceInterceptor [http-nio-8080-exec-73] Start time is 1552804684216
2019-03-16 23:38:04,217 INFO com.sclabs.useraccount.interceptor.UserServiceInterceptor [http-nio-8080-exec-74] Start time is 1552804684217
2019-03-16 23:38:04,212 INFO com.sclabs.useraccount.interceptor.UserServiceInterceptor [http-nio-8080-exec-64] Start time is 1552804684212
2019-03-16 23:38:04,218 INFO com.sclabs.useraccount.interceptor.UserServiceInterceptor [http-nio-8080-exec-75] Start time is 1552804684218
2019-03-16 23:38:04,215 INFO com.sclabs.useraccount.interceptor.UserServiceInterceptor [http-nio-8080-exec-69] Start time is 1552804684215
2019-03-16 23:38:04,219 INFO com.sclabs.useraccount.interceptor.UserServiceInterceptor [http-nio-8080-exec-76] Start time is 1552804684219
2019-03-16 23:38:04,219 INFO com.sclabs.useraccount.interceptor.UserServiceInterceptor [http-nio-8080-exec-77] Start time is 1552804684219
2019-03-16 23:38:04,220 INFO com.sclabs.useraccount.interceptor.UserServiceInterceptor [http-nio-8080-exec-78] Start time is 1552804684220
2019-03-16 23:38:04,221 INFO com.sclabs.useraccount.interceptor.UserServiceInterceptor [http-nio-8080-exec-79] Start time is 1552804684221
2019-03-16 23:38:04,221 INFO com.sclabs.useraccount.interceptor.UserServiceInterceptor [http-nio-8080-exec-80] Start time is 1552804684221
2019-03-16 23:38:04,222 INFO com.sclabs.useraccount.interceptor.UserServiceInterceptor [http-nio-8080-exec-81] Start time is 1552804684222
2019-03-16 23:38:04,222 INFO com.sclabs.useraccount.interceptor.UserServiceInterceptor [http-nio-8080-exec-72] Start time is 1552804684222
2019-03-16 23:38:04,222 INFO com.sclabs.useraccount.interceptor.UserServiceInterceptor [http-nio-8080-exec-82] Start time is 1552804684222
2019-03-16 23:38:04,224 INFO com.sclabs.useraccount.interceptor.UserServiceInterceptor [http-nio-8080-exec-84] Start time is 1552804684224
2019-03-16 23:38:04,224 INFO com.sclabs.useraccount.interceptor.UserServiceInterceptor [http-nio-8080-exec-85] Start time is 1552804684224
2019-03-16 23:38:04,224 INFO com.sclabs.useraccount.interceptor.UserServiceInterceptor [http-nio-8080-exec-83] Start time is 1552804684224
2019-03-16 23:38:04,224 INFO com.sclabs.useraccount.interceptor.UserServiceInterceptor [http-nio-8080-exec-86] Start time is 1552804684224
2019-03-16 23:38:04,225 INFO com.sclabs.useraccount.interceptor.UserServiceInterceptor [http-nio-8080-exec-88] Start time is 1552804684225
2019-03-16 23:38:04,225 INFO com.sclabs.useraccount.interceptor.UserServiceInterceptor [http-nio-8080-exec-87] Start time is 1552804684225
2019-03-16 23:38:04,227 INFO com.sclabs.useraccount.interceptor.UserServiceInterceptor [http-nio-8080-exec-90] Start time is 1552804684227
2019-03-16 23:38:04,227 INFO com.sclabs.useraccount.interceptor.UserServiceInterceptor [http-nio-8080-exec-89] Start time is 1552804684227
2019-03-16 23:38:04,228 INFO com.sclabs.useraccount.interceptor.UserServiceInterceptor [http-nio-8080-exec-91] Start time is 1552804684228
2019-03-16 23:38:04,228 INFO com.sclabs.useraccount.interceptor.UserServiceInterceptor [http-nio-8080-exec-93] Start time is 1552804684228
2019-03-16 23:38:04,229 INFO com.sclabs.useraccount.interceptor.UserServiceInterceptor [http-nio-8080-exec-92] Start time is 1552804684229
2019-03-16 23:38:04,230 INFO com.sclabs.useraccount.interceptor.UserServiceInterceptor [http-nio-8080-exec-95] Start time is 1552804684230
2019-03-16 23:38:04,230 INFO com.sclabs.useraccount.interceptor.UserServiceInterceptor [http-nio-8080-exec-94] Start time is 1552804684230
2019-03-16 23:38:04,231 INFO com.sclabs.useraccount.interceptor.UserServiceInterceptor [http-nio-8080-exec-96] Start time is 1552804684231
2019-03-16 23:38:04,232 INFO com.sclabs.useraccount.interceptor.UserServiceInterceptor [http-nio-8080-exec-98] Start time is 1552804684232
2019-03-16 23:38:04,232 INFO com.sclabs.useraccount.interceptor.UserServiceInterceptor [http-nio-8080-exec-97] Start time is 1552804684232
2019-03-16 23:38:04,232 INFO com.sclabs.useraccount.interceptor.UserServiceInterceptor [http-nio-8080-exec-100] Start time is 1552804684232
2019-03-16 23:38:04,233 INFO com.sclabs.useraccount.interceptor.UserServiceInterceptor [http-nio-8080-exec-101] Start time is 1552804684232
2019-03-16 23:38:04,234 INFO com.sclabs.useraccount.interceptor.UserServiceInterceptor [http-nio-8080-exec-99] Start time is 1552804684234
2019-03-16 23:38:04,234 INFO com.sclabs.useraccount.interceptor.UserServiceInterceptor [http-nio-8080-exec-103] Start time is 1552804684234
2019-03-16 23:38:04,235 INFO com.sclabs.useraccount.interceptor.UserServiceInterceptor [http-nio-8080-exec-104] Start time is 1552804684235
2019-03-16 23:38:04,235 INFO com.sclabs.useraccount.interceptor.UserServiceInterceptor [http-nio-8080-exec-102] Start time is 1552804684235
2019-03-16 23:38:04,236 INFO com.sclabs.useraccount.interceptor.UserServiceInterceptor [http-nio-8080-exec-105] Start time is 1552804684236
2019-03-16 23:38:04,237 INFO com.sclabs.useraccount.interceptor.UserServiceInterceptor [http-nio-8080-exec-106] Start time is 1552804684237
2019-03-16 23:38:04,237 INFO com.sclabs.useraccount.interceptor.UserServiceInterceptor [http-nio-8080-exec-108] Start time is 1552804684237
2019-03-16 23:38:04,238 INFO com.sclabs.useraccount.interceptor.UserServiceInterceptor [http-nio-8080-exec-107] Start time is 1552804684238
2019-03-16 23:38:04,239 INFO com.sclabs.useraccount.interceptor.UserServiceInterceptor [http-nio-8080-exec-111] Start time is 1552804684239
2019-03-16 23:38:04,239 INFO com.sclabs.useraccount.interceptor.UserServiceInterceptor [http-nio-8080-exec-109] Start time is 1552804684239
2019-03-16 23:38:04,239 INFO com.sclabs.useraccount.interceptor.UserServiceInterceptor [http-nio-8080-exec-110] Start time is 1552804684239
2019-03-16 23:38:04,240 INFO com.sclabs.useraccount.interceptor.UserServiceInterceptor [http-nio-8080-exec-113] Start time is 1552804684240
2019-03-16 23:38:04,240 INFO com.sclabs.useraccount.interceptor.UserServiceInterceptor [http-nio-8080-exec-112] Start time is 1552804684240
2019-03-16 23:38:04,243 INFO com.sclabs.useraccount.interceptor.UserServiceInterceptor [http-nio-8080-exec-115] Start time is 1552804684243
2019-03-16 23:38:04,387 INFO com.sclabs.useraccount.interceptor.UserServiceInterceptor [http-nio-8080-exec-114] Start time is 1552804684387
2019-03-16 23:38:04,388 INFO com.sclabs.useraccount.interceptor.UserServiceInterceptor [http-nio-8080-exec-117] Start time is 1552804684388
2019-03-16 23:38:04,388 INFO com.sclabs.useraccount.interceptor.UserServiceInterceptor [http-nio-8080-exec-118] Start time is 1552804684388
2019-03-16 23:38:04,388 INFO com.sclabs.useraccount.interceptor.UserServiceInterceptor [http-nio-8080-exec-119] Start time is 1552804684388
2019-03-16 23:38:04,389 INFO com.sclabs.useraccount.interceptor.UserServiceInterceptor [http-nio-8080-exec-121] Start time is 1552804684389
2019-03-16 23:38:04,391 INFO com.sclabs.useraccount.interceptor.UserServiceInterceptor [http-nio-8080-exec-122] Start time is 1552804684391
2019-03-16 23:38:04,391 INFO com.sclabs.useraccount.interceptor.UserServiceInterceptor [http-nio-8080-exec-123] Start time is 1552804684391
2019-03-16 23:38:04,391 INFO com.sclabs.useraccount.interceptor.UserServiceInterceptor [http-nio-8080-exec-124] Start time is 1552804684391
2019-03-16 23:38:04,392 INFO com.sclabs.useraccount.interceptor.UserServiceInterceptor [http-nio-8080-exec-125] Start time is 1552804684392
2019-03-16 23:38:04,393 INFO com.sclabs.useraccount.interceptor.UserServiceInterceptor [http-nio-8080-exec-126] Start time is 1552804684393
2019-03-16 23:38:04,394 INFO com.sclabs.useraccount.interceptor.UserServiceInterceptor [http-nio-8080-exec-127] Start time is 1552804684394
2019-03-16 23:38:04,396 INFO com.sclabs.useraccount.interceptor.UserServiceInterceptor [http-nio-8080-exec-128] Start time is 1552804684396
2019-03-16 23:38:04,397 INFO com.sclabs.useraccount.interceptor.UserServiceInterceptor [http-nio-8080-exec-120] Start time is 1552804684397
2019-03-16 23:38:04,387 INFO com.sclabs.useraccount.interceptor.UserServiceInterceptor [http-nio-8080-exec-116] Start time is 1552804684387
2019-03-16 23:38:04,398 INFO com.sclabs.useraccount.interceptor.UserServiceInterceptor [http-nio-8080-exec-131] Start time is 1552804684398
2019-03-16 23:38:04,399 INFO com.sclabs.useraccount.interceptor.UserServiceInterceptor [http-nio-8080-exec-129] Start time is 1552804684399
2019-03-16 23:38:04,400 INFO com.sclabs.useraccount.interceptor.UserServiceInterceptor [http-nio-8080-exec-132] Start time is 1552804684400
2019-03-16 23:38:04,401 INFO com.sclabs.useraccount.interceptor.UserServiceInterceptor [http-nio-8080-exec-135] Start time is 1552804684401
2019-03-16 23:38:04,401 INFO com.sclabs.useraccount.interceptor.UserServiceInterceptor [http-nio-8080-exec-136] Start time is 1552804684401
2019-03-16 23:38:04,397 INFO com.sclabs.useraccount.interceptor.UserServiceInterceptor [http-nio-8080-exec-130] Start time is 1552804684397
2019-03-16 23:38:04,402 INFO com.sclabs.useraccount.interceptor.UserServiceInterceptor [http-nio-8080-exec-137] Start time is 1552804684402
2019-03-16 23:38:04,399 INFO com.sclabs.useraccount.interceptor.UserServiceInterceptor [http-nio-8080-exec-133] Start time is 1552804684399
2019-03-16 23:38:04,403 INFO com.sclabs.useraccount.interceptor.UserServiceInterceptor [http-nio-8080-exec-138] Start time is 1552804684403
2019-03-16 23:38:04,404 INFO com.sclabs.useraccount.interceptor.UserServiceInterceptor [http-nio-8080-exec-139] Start time is 1552804684404
2019-03-16 23:38:04,404 INFO com.sclabs.useraccount.interceptor.UserServiceInterceptor [http-nio-8080-exec-140] Start time is 1552804684404
2019-03-16 23:38:04,406 INFO com.sclabs.useraccount.interceptor.UserServiceInterceptor [http-nio-8080-exec-141] Start time is 1552804684406
2019-03-16 23:38:04,406 INFO com.sclabs.useraccount.interceptor.UserServiceInterceptor [http-nio-8080-exec-142] Start time is 1552804684406
2019-03-16 23:38:04,547 INFO com.sclabs.useraccount.interceptor.UserServiceInterceptor [http-nio-8080-exec-134] Start time is 1552804684547
2019-03-16 23:38:04,547 INFO com.sclabs.useraccount.interceptor.UserServiceInterceptor [http-nio-8080-exec-144] Start time is 1552804684547
2019-03-16 23:38:04,550 INFO com.sclabs.useraccount.interceptor.UserServiceInterceptor [http-nio-8080-exec-146] Start time is 1552804684550
2019-03-16 23:38:04,550 INFO com.sclabs.useraccount.interceptor.UserServiceInterceptor [http-nio-8080-exec-145] Start time is 1552804684550
2019-03-16 23:38:04,550 INFO com.sclabs.useraccount.interceptor.UserServiceInterceptor [http-nio-8080-exec-148] Start time is 1552804684550
2019-03-16 23:38:04,551 INFO com.sclabs.useraccount.interceptor.UserServiceInterceptor [http-nio-8080-exec-147] Start time is 1552804684551
2019-03-16 23:38:04,552 INFO com.sclabs.useraccount.interceptor.UserServiceInterceptor [http-nio-8080-exec-149] Start time is 1552804684552
2019-03-16 23:38:04,552 INFO com.sclabs.useraccount.interceptor.UserServiceInterceptor [http-nio-8080-exec-151] Start time is 1552804684552
2019-03-16 23:38:04,551 INFO com.sclabs.useraccount.interceptor.UserServiceInterceptor [http-nio-8080-exec-143] Start time is 1552804684551
2019-03-16 23:38:04,662 INFO com.sclabs.useraccount.interceptor.UserServiceInterceptor [http-nio-8080-exec-152] Start time is 1552804684662
2019-03-16 23:38:04,663 INFO com.sclabs.useraccount.interceptor.UserServiceInterceptor [http-nio-8080-exec-155] Start time is 1552804684663
2019-03-16 23:38:04,663 INFO com.sclabs.useraccount.interceptor.UserServiceInterceptor [http-nio-8080-exec-154] Start time is 1552804684663
2019-03-16 23:38:04,765 INFO com.sclabs.useraccount.interceptor.UserServiceInterceptor [http-nio-8080-exec-156] Start time is 1552804684765
2019-03-16 23:38:04,766 INFO com.sclabs.useraccount.interceptor.UserServiceInterceptor [http-nio-8080-exec-158] Start time is 1552804684766
2019-03-16 23:38:04,766 INFO com.sclabs.useraccount.interceptor.UserServiceInterceptor [http-nio-8080-exec-153] Start time is 1552804684766
2019-03-16 23:38:04,766 INFO com.sclabs.useraccount.interceptor.UserServiceInterceptor [http-nio-8080-exec-150] Start time is 1552804684766
2019-03-16 23:38:04,767 INFO com.sclabs.useraccount.interceptor.UserServiceInterceptor [http-nio-8080-exec-157] Start time is 1552804684767
2019-03-16 23:38:04,964 INFO com.sclabs.useraccount.interceptor.UserServiceInterceptor [http-nio-8080-exec-159] Start time is 1552804684964
2019-03-16 23:38:04,870 INFO com.sclabs.useraccount.interceptor.UserServiceInterceptor [http-nio-8080-exec-160] Start time is 1552804684870
2019-03-16 23:38:05,703 INFO com.sclabs.useraccount.interceptor.UserServiceInterceptor [http-nio-8080-exec-172] Start time is 1552804685703
2019-03-16 23:38:05,702 INFO com.sclabs.useraccount.interceptor.UserServiceInterceptor [http-nio-8080-exec-163] Start time is 1552804685702
2019-03-16 23:38:05,704 INFO com.sclabs.useraccount.interceptor.UserServiceInterceptor [http-nio-8080-exec-171] Start time is 1552804685704
2019-03-16 23:38:05,703 INFO com.sclabs.useraccount.interceptor.UserServiceInterceptor [http-nio-8080-exec-168] Start time is 1552804685703
2019-03-16 23:38:05,702 INFO com.sclabs.useraccount.interceptor.UserServiceInterceptor [http-nio-8080-exec-164] Start time is 1552804685702
2019-03-16 23:38:05,886 INFO com.sclabs.useraccount.interceptor.UserServiceInterceptor [http-nio-8080-exec-161] Start time is 1552804685886
2019-03-16 23:38:05,804 INFO com.sclabs.useraccount.interceptor.UserServiceInterceptor [http-nio-8080-exec-166] Start time is 1552804685804
2019-03-16 23:38:05,886 INFO com.sclabs.useraccount.interceptor.UserServiceInterceptor [http-nio-8080-exec-169] Start time is 1552804685886
2019-03-16 23:38:04,964 INFO com.sclabs.useraccount.interceptor.UserServiceInterceptor [http-nio-8080-exec-162] Start time is 1552804684964
2019-03-16 23:38:05,887 INFO com.sclabs.useraccount.interceptor.UserServiceInterceptor [http-nio-8080-exec-170] Start time is 1552804685887
2019-03-16 23:38:05,702 INFO com.sclabs.useraccount.interceptor.UserServiceInterceptor [http-nio-8080-exec-165] Start time is 1552804685702
2019-03-16 23:38:05,887 INFO com.sclabs.useraccount.interceptor.UserServiceInterceptor [http-nio-8080-exec-174] Start time is 1552804685887
2019-03-16 23:38:05,803 INFO com.sclabs.useraccount.interceptor.UserServiceInterceptor [http-nio-8080-exec-167] Start time is 1552804685803
2019-03-16 23:38:06,050 INFO com.sclabs.useraccount.interceptor.UserServiceInterceptor [http-nio-8080-exec-176] Start time is 1552804686050
2019-03-16 23:45:14,638 INFO com.sclabs.useraccount.interceptor.UserServiceInterceptor [http-nio-8080-exec-180] Start time is 1552805113010
2019-03-16 23:46:22,702 WARN org.hibernate.engine.jdbc.spi.SqlExceptionHelper [http-nio-8080-exec-16] SQL Error: 0, SQLState: null
2019-03-16 23:46:23,269 WARN org.hibernate.engine.jdbc.spi.SqlExceptionHelper [http-nio-8080-exec-75] SQL Error: 0, SQLState: null
2019-03-16 23:46:39,899 WARN org.hibernate.engine.jdbc.spi.SqlExceptionHelper [http-nio-8080-exec-147] SQL Error: 0, SQLState: null
2019-03-16 23:46:42,273 ERROR org.hibernate.engine.jdbc.spi.SqlExceptionHelper [http-nio-8080-exec-134] HikariPool-1 - Connection is not available, request timed out after 80093ms.
2019-03-16 23:46:41,106 WARN org.hibernate.engine.jdbc.spi.SqlExceptionHelper [http-nio-8080-exec-40] SQL Error: 0, SQLState: null
2019-03-16 23:46:24,496 WARN org.hibernate.engine.jdbc.spi.SqlExceptionHelper [http-nio-8080-exec-61] SQL Error: 0, SQLState: null
2019-03-16 23:46:40,160 WARN org.hibernate.engine.jdbc.spi.SqlExceptionHelper [http-nio-8080-exec-79] SQL Error: 0, SQLState: null
2019-03-16 23:46:41,106 WARN org.hibernate.engine.jdbc.spi.SqlExceptionHelper [http-nio-8080-exec-31] SQL Error: 0, SQLState: null
2019-03-16 23:46:59,424 ERROR org.hibernate.engine.jdbc.spi.SqlExceptionHelper [http-nio-8080-exec-16] HikariPool-1 - Connection is not available, request timed out after 187883ms.
2019-03-16 23:46:42,031 WARN org.hibernate.engine.jdbc.spi.SqlExceptionHelper [http-nio-8080-exec-41] SQL Error: 0, SQLState: null
2019-03-16 23:46:42,273 WARN org.hibernate.engine.jdbc.spi.SqlExceptionHelper [http-nio-8080-exec-152] SQL Error: 0, SQLState: null
2019-03-16 23:46:37,357 WARN org.hibernate.engine.jdbc.spi.SqlExceptionHelper [http-nio-8080-exec-119] SQL Error: 0, SQLState: null
2019-03-16 23:46:42,112 WARN org.hibernate.engine.jdbc.spi.SqlExceptionHelper [http-nio-8080-exec-7] SQL Error: 0, SQLState: null
2019-03-16 23:46:37,357 WARN org.hibernate.engine.jdbc.spi.SqlExceptionHelper [http-nio-8080-exec-21] SQL Error: 0, SQLState: null
2019-03-16 23:46:37,357 WARN org.hibernate.engine.jdbc.spi.SqlExceptionHelper [http-nio-8080-exec-156] SQL Error: 0, SQLState: null
2019-03-16 23:46:37,614 WARN org.hibernate.engine.jdbc.spi.SqlExceptionHelper [http-nio-8080-exec-104] SQL Error: 0, SQLState: null
2019-03-16 23:46:36,404 WARN ? [http-nio-8080-exec-105] SQL Error: 0, SQLState: null
2019-03-16 23:46:36,572 WARN org.hibernate.engine.jdbc.spi.SqlExceptionHelper [http-nio-8080-exec-137] SQL Error: 0, SQLState: null
2019-03-16 23:46:37,527 WARN org.hibernate.engine.jdbc.spi.SqlExceptionHelper [http-nio-8080-exec-120] SQL Error: 0, SQLState: null
2019-03-16 23:46:37,527 WARN org.hibernate.engine.jdbc.spi.SqlExceptionHelper [http-nio-8080-exec-161] SQL Error: 0, SQLState: null
2019-03-16 23:46:37,189 WARN org.hibernate.engine.jdbc.spi.SqlExceptionHelper [http-nio-8080-exec-109] SQL Error: 0, SQLState: null
2019-03-16 23:46:34,844 WARN org.hibernate.engine.jdbc.spi.SqlExceptionHelper [http-nio-8080-exec-125] SQL Error: 0, SQLState: null
2019-03-16 23:46:34,010 WARN org.hibernate.engine.jdbc.spi.SqlExceptionHelper [http-nio-8080-exec-6] SQL Error: 0, SQLState: null
2019-03-16 23:46:35,807 WARN org.hibernate.engine.jdbc.spi.SqlExceptionHelper [http-nio-8080-exec-26] SQL Error: 0, SQLState: null
2019-03-16 23:46:36,572 WARN org.hibernate.engine.jdbc.spi.SqlExceptionHelper [http-nio-8080-exec-29] SQL Error: 0, SQLState: null
2019-03-16 23:46:34,010 WARN org.hibernate.engine.jdbc.spi.SqlExceptionHelper [http-nio-8080-exec-4] SQL Error: 0, SQLState: null
2019-03-16 23:46:33,248 WARN org.hibernate.engine.jdbc.spi.SqlExceptionHelper [http-nio-8080-exec-91] SQL Error: 0, SQLState: null
2019-03-16 23:46:34,010 WARN org.hibernate.engine.jdbc.spi.SqlExceptionHelper [http-nio-8080-exec-98] SQL Error: 0, SQLState: null
2019-03-16 23:46:34,010 WARN org.hibernate.engine.jdbc.spi.SqlExceptionHelper [http-nio-8080-exec-52] SQL Error: 0, SQLState: null
2019-03-16 23:46:30,956 ERROR org.hibernate.engine.jdbc.spi.SqlExceptionHelper [http-nio-8080-exec-81] HikariPool-1 - Connection is not available, request timed out after 42132ms.
2019-03-16 23:46:29,933 ERROR org.hibernate.engine.jdbc.spi.SqlExceptionHelper [http-nio-8080-exec-122] HikariPool-1 - Connection is not available, request timed out after 128203ms.
2019-03-16 23:46:30,532 WARN org.hibernate.engine.jdbc.spi.SqlExceptionHelper [http-nio-8080-exec-19] SQL Error: 0, SQLState: null
2019-03-16 23:46:31,733 WARN org.hibernate.engine.jdbc.spi.SqlExceptionHelper [http-nio-8080-exec-85] SQL Error: 0, SQLState: null
2019-03-16 23:46:32,669 WARN org.hibernate.engine.jdbc.spi.SqlExceptionHelper [http-nio-8080-exec-135] SQL Error: 0, SQLState: null
2019-03-16 23:46:32,670 WARN org.hibernate.engine.jdbc.spi.SqlExceptionHelper [http-nio-8080-exec-20] SQL Error: 0, SQLState: null
2019-03-16 23:46:29,516 ERROR org.hibernate.engine.jdbc.spi.SqlExceptionHelper [http-nio-8080-exec-80] HikariPool-1 - Connection is not available, request timed out after 69442ms.
2019-03-16 23:46:29,678 WARN org.hibernate.engine.jdbc.spi.SqlExceptionHelper [http-nio-8080-exec-27] SQL Error: 0, SQLState: null
2019-03-16 23:46:32,756 WARN org.hibernate.engine.jdbc.spi.SqlExceptionHelper [http-nio-8080-exec-13] SQL Error: 0, SQLState: null
2019-03-16 23:46:28,360 WARN org.hibernate.engine.jdbc.spi.SqlExceptionHelper [http-nio-8080-exec-65] SQL Error: 0, SQLState: null
2019-03-16 23:48:28,433 ERROR org.hibernate.engine.jdbc.spi.SqlExceptionHelper [http-nio-8080-exec-52] HikariPool-1 - Connection is not available, request timed out after 36544ms.
2019-03-16 23:48:28,609 ERROR org.hibernate.engine.jdbc.spi.SqlExceptionHelper [http-nio-8080-exec-91] HikariPool-1 - Connection is not available, request timed out after 128365ms.
2019-03-16 23:46:25,581 WARN org.hibernate.engine.jdbc.spi.SqlExceptionHelper [http-nio-8080-exec-47] SQL Error: 0, SQLState: null
2019-03-16 23:48:25,723 ERROR org.hibernate.engine.jdbc.spi.SqlExceptionHelper [http-nio-8080-exec-137] HikariPool-1 - Connection is not available, request timed out after 89271ms.
2019-03-16 23:47:36,029 ERROR org.hibernate.engine.jdbc.spi.SqlExceptionHelper [http-nio-8080-exec-120] HikariPool-1 - Connection is not available, request timed out after 35481ms.
2019-03-16 23:48:29,741 ERROR org.hibernate.engine.jdbc.spi.SqlExceptionHelper [http-nio-8080-exec-98] HikariPool-1 - Connection is not available, request timed out after 83406ms.
2019-03-16 23:47:49,544 ERROR org.hibernate.engine.jdbc.spi.SqlExceptionHelper [http-nio-8080-exec-29] HikariPool-1 - Connection is not available, request timed out after 50065ms.
2019-03-16 23:47:09,873 ERROR org.hibernate.engine.jdbc.spi.SqlExceptionHelper [http-nio-8080-exec-156] HikariPool-1 - Connection is not available, request timed out after 49103ms.
2019-03-16 23:47:27,176 ERROR org.hibernate.engine.jdbc.spi.SqlExceptionHelper [http-nio-8080-exec-161] HikariPool-1 - Connection is not available, request timed out after 92796ms.
2019-03-16 23:47:26,150 ERROR org.hibernate.engine.jdbc.spi.SqlExceptionHelper [http-nio-8080-exec-105] HikariPool-1 - Connection is not available, request timed out after 81627ms.
2019-03-16 23:47:06,882 ERROR org.hibernate.engine.jdbc.spi.SqlExceptionHelper [http-nio-8080-exec-21] HikariPool-1 - Connection is not available, request timed out after 120387ms.
2019-03-16 23:47:05,025 ERROR org.hibernate.engine.jdbc.spi.SqlExceptionHelper [http-nio-8080-exec-41] HikariPool-1 - Connection is not available, request timed out after 69944ms.
2019-03-16 23:47:35,660 ERROR org.hibernate.engine.jdbc.spi.SqlExceptionHelper [http-nio-8080-exec-104] HikariPool-1 - Connection is not available, request timed out after 82275ms.
2019-03-16 23:47:03,390 ERROR org.hibernate.engine.jdbc.spi.SqlExceptionHelper [http-nio-8080-exec-119] HikariPool-1 - Connection is not available, request timed out after 35740ms.
2019-03-16 23:47:01,853 ERROR org.hibernate.engine.jdbc.spi.SqlExceptionHelper [http-nio-8080-exec-31] HikariPool-1 - Connection is not available, request timed out after 51059ms.
2019-03-16 23:46:59,680 ERROR org.hibernate.engine.jdbc.spi.SqlExceptionHelper [http-nio-8080-exec-147] HikariPool-1 - Connection is not available, request timed out after 47229ms.
2019-03-16 23:47:00,413 ERROR org.hibernate.engine.jdbc.spi.SqlExceptionHelper [http-nio-8080-exec-40] HikariPool-1 - Connection is not available, request timed out after 100742ms.
2019-03-16 23:47:02,022 ERROR org.hibernate.engine.jdbc.spi.SqlExceptionHelper [http-nio-8080-exec-7] HikariPool-1 - Connection is not available, request timed out after 97313ms.
2019-03-16 23:47:01,343 ERROR org.hibernate.engine.jdbc.spi.SqlExceptionHelper [http-nio-8080-exec-79] HikariPool-1 - Connection is not available, request timed out after 41537ms.
2019-03-16 23:47:02,113 ERROR org.hibernate.engine.jdbc.spi.SqlExceptionHelper [http-nio-8080-exec-152] HikariPool-1 - Connection is not available, request timed out after 35638ms.
2019-03-16 23:47:01,343 ERROR org.hibernate.engine.jdbc.spi.SqlExceptionHelper [http-nio-8080-exec-61] HikariPool-1 - Connection is not available, request timed out after 105649ms.
2019-03-16 23:48:29,315 ERROR org.hibernate.engine.jdbc.spi.SqlExceptionHelper [http-nio-8080-exec-4] HikariPool-1 - Connection is not available, request timed out after 72612ms.
2019-03-16 23:48:33,928 ERROR org.hibernate.engine.jdbc.spi.SqlExceptionHelper [http-nio-8080-exec-6] HikariPool-1 - Connection is not available, request timed out after 64492ms.
2019-03-16 23:46:59,598 ERROR org.hibernate.engine.jdbc.spi.SqlExceptionHelper [http-nio-8080-exec-75] HikariPool-1 - Connection is not available, request timed out after 113381ms.
2019-03-16 23:49:34,604 ERROR org.hibernate.engine.jdbc.spi.SqlExceptionHelper [http-nio-8080-exec-20] HikariPool-1 - Connection is not available, request timed out after 109498ms.
2019-03-16 23:49:32,155 ERROR org.hibernate.engine.jdbc.spi.SqlExceptionHelper [http-nio-8080-exec-27] HikariPool-1 - Connection is not available, request timed out after 92280ms.
2019-03-16 23:49:20,305 WARN org.hibernate.engine.jdbc.spi.SqlExceptionHelper [http-nio-8080-exec-157] SQL Error: 0, SQLState: null
2019-03-16 23:49:23,346 ERROR org.hibernate.engine.jdbc.spi.SqlExceptionHelper [http-nio-8080-exec-26] HikariPool-1 - Connection is not available, request timed out after 83484ms.
2019-03-16 23:49:36,053 ERROR org.hibernate.engine.jdbc.spi.SqlExceptionHelper [http-nio-8080-exec-47] HikariPool-1 - Connection is not available, request timed out after 83637ms.
2019-03-16 23:49:35,191 ERROR org.hibernate.engine.jdbc.spi.SqlExceptionHelper [http-nio-8080-exec-19] HikariPool-1 - Connection is not available, request timed out after 88748ms.
2019-03-16 23:49:32,335 ERROR org.hibernate.engine.jdbc.spi.SqlExceptionHelper [http-nio-8080-exec-109] HikariPool-1 - Connection is not available, request timed out after 70721ms.
2019-03-16 23:49:35,275 ERROR org.hibernate.engine.jdbc.spi.SqlExceptionHelper [http-nio-8080-exec-13] HikariPool-1 - Connection is not available, request timed out after 125654ms.
2019-03-16 23:49:33,929 ERROR org.hibernate.engine.jdbc.spi.SqlExceptionHelper [http-nio-8080-exec-85] HikariPool-1 - Connection is not available, request timed out after 86487ms.
2019-03-16 23:49:34,771 ERROR org.hibernate.engine.jdbc.spi.SqlExceptionHelper [http-nio-8080-exec-125] HikariPool-1 - Connection is not available, request timed out after 81743ms.
2019-03-16 23:49:33,929 ERROR org.hibernate.engine.jdbc.spi.SqlExceptionHelper [http-nio-8080-exec-65] HikariPool-1 - Connection is not available, request timed out after 109275ms.
2019-03-16 23:49:33,348 ERROR org.hibernate.engine.jdbc.spi.SqlExceptionHelper [http-nio-8080-exec-135] HikariPool-1 - Connection is not available, request timed out after 80702ms.
2019-03-16 23:49:52,951 ERROR org.hibernate.engine.jdbc.spi.SqlExceptionHelper [http-nio-8080-exec-157] HikariPool-1 - Connection is not available, request timed out after 32618ms.
2019-03-16 23:50:16,933 INFO com.sclabs.useraccount.interceptor.UserServiceInterceptor [http-nio-8080-exec-146] Start time is 1552805416933
2019-03-16 23:50:15,643 INFO com.sclabs.useraccount.interceptor.UserServiceInterceptor [http-nio-8080-exec-121] Start time is 1552805415643
2019-03-16 23:50:14,115 INFO com.sclabs.useraccount.interceptor.UserServiceInterceptor [http-nio-8080-exec-38] Start time is 1552805414115
2019-03-16 23:50:20,206 INFO com.sclabs.useraccount.interceptor.UserServiceInterceptor [http-nio-8080-exec-32] Start time is 1552805420206
2019-03-16 23:50:17,432 INFO com.sclabs.useraccount.interceptor.UserServiceInterceptor [http-nio-8080-exec-43] Start time is 1552805417431
